[debug] [2026-04-22T10:59:47.131Z] ----------------------------------------------------------------------
[debug] [2026-04-22T10:59:47.132Z] Command:       /Users/alexcashmore/.nvm/versions/node/v24.14.1/bin/node /Users/alexcashmore/.nvm/versions/node/v24.14.1/bin/firebase deploy --only hosting
[debug] [2026-04-22T10:59:47.132Z] CLI Version:   15.14.0
[debug] [2026-04-22T10:59:47.132Z] Platform:      darwin
[debug] [2026-04-22T10:59:47.132Z] Node Version:  v24.14.1
[debug] [2026-04-22T10:59:47.133Z] Time:          Wed Apr 22 2026 20:59:47 GMT+1000 (Australian Eastern Standard Time)
[debug] [2026-04-22T10:59:47.133Z] ----------------------------------------------------------------------
[debug] 
[debug] [2026-04-22T10:59:47.746Z] > command requires scopes: ["email","openid","https://www.googleapis.com/auth/cloudplatformprojects.readonly","https://www.googleapis.com/auth/firebase","https://www.googleapis.com/auth/cloud-platform"]
[debug] [2026-04-22T10:59:47.746Z] > authorizing via signed-in user (cashmore.alex@gmail.com)
[debug] [2026-04-22T10:59:47.746Z] [iam] checking project ftra-australia for permissions ["firebase.projects.get","firebasehosting.sites.update"]
[debug] [2026-04-22T10:59:47.746Z] Checked if tokens are valid: true, expires at: 1776857165266
[debug] [2026-04-22T10:59:47.746Z] Checked if tokens are valid: true, expires at: 1776857165266
[debug] [2026-04-22T10:59:47.747Z] >>> [apiv2][query] POST https://cloudresourcemanager.googleapis.com/v1/projects/ftra-australia:testIamPermissions [none]
[debug] [2026-04-22T10:59:47.747Z] >>> [apiv2][(partial)header] POST https://cloudresourcemanager.googleapis.com/v1/projects/ftra-australia:testIamPermissions  x-goog-user-project=ftra-australia
[debug] [2026-04-22T10:59:47.747Z] >>> [apiv2][body] POST https://cloudresourcemanager.googleapis.com/v1/projects/ftra-australia:testIamPermissions {"permissions":["firebase.projects.get","firebasehosting.sites.update"]}
[debug] [2026-04-22T10:59:48.844Z] <<< [apiv2][status] POST https://cloudresourcemanager.googleapis.com/v1/projects/ftra-australia:testIamPermissions 200
[debug] [2026-04-22T10:59:48.844Z] <<< [apiv2][body] POST https://cloudresourcemanager.googleapis.com/v1/projects/ftra-australia:testIamPermissions {"permissions":["firebase.projects.get","firebasehosting.sites.update"]}
[debug] [2026-04-22T10:59:48.845Z] Checked if tokens are valid: true, expires at: 1776857165266
[debug] [2026-04-22T10:59:48.845Z] Checked if tokens are valid: true, expires at: 1776857165266
[debug] [2026-04-22T10:59:48.845Z] >>> [apiv2][query] GET https://firebase.googleapis.com/v1beta1/projects/ftra-australia [none]
[debug] [2026-04-22T10:59:49.449Z] <<< [apiv2][status] GET https://firebase.googleapis.com/v1beta1/projects/ftra-australia 200
[debug] [2026-04-22T10:59:49.449Z] <<< [apiv2][body] GET https://firebase.googleapis.com/v1beta1/projects/ftra-australia {"projectId":"ftra-australia","projectNumber":"221929400881","displayName":"FTRA","name":"projects/ftra-australia","resources":{"hostingSite":"ftra-australia"},"state":"ACTIVE","etag":"1_afe3ae17-f918-40d6-bced-da835bd13f81"}
[info] 
[info] === Deploying to 'ftra-australia'...
[info] 
[info] i  deploying hosting 
[debug] [2026-04-22T10:59:49.451Z] Checked if tokens are valid: true, expires at: 1776857165266
[debug] [2026-04-22T10:59:49.451Z] Checked if tokens are valid: true, expires at: 1776857165266
[debug] [2026-04-22T10:59:49.451Z] >>> [apiv2][query] POST https://firebasehosting.googleapis.com/v1beta1/projects/-/sites/ftra-australia/versions [none]
[debug] [2026-04-22T10:59:49.451Z] >>> [apiv2][body] POST https://firebasehosting.googleapis.com/v1beta1/projects/-/sites/ftra-australia/versions {"status":"CREATED","labels":{"deployment-tool":"cli-firebase"}}
[debug] [2026-04-22T10:59:51.322Z] <<< [apiv2][status] POST https://firebasehosting.googleapis.com/v1beta1/projects/-/sites/ftra-australia/versions 200
[debug] [2026-04-22T10:59:51.322Z] <<< [apiv2][body] POST https://firebasehosting.googleapis.com/v1beta1/projects/-/sites/ftra-australia/versions {"name":"projects/221929400881/sites/ftra-australia/versions/e4f2ec68bd1c5d75","status":"CREATED","config":{},"labels":{"deployment-tool":"cli-firebase"}}
[info] i  hosting[ftra-australia]: beginning deploy... 
[info] i  hosting[ftra-australia]: found 39 files in dist 
[debug] [2026-04-22T10:59:51.334Z] [hosting] uploading with 200 concurrency
[debug] [2026-04-22T10:59:51.379Z] Checked if tokens are valid: true, expires at: 1776857165266
[debug] [2026-04-22T10:59:51.379Z] Checked if tokens are valid: true, expires at: 1776857165266
[debug] [2026-04-22T10:59:51.379Z] [hosting] hash cache [ZGlzdA] stored for 39 files
[debug] [2026-04-22T10:59:51.379Z] [hosting][hash queue][FINAL] {"max":42,"min":6,"avg":25.974358974358974,"active":0,"complete":39,"success":39,"errored":0,"retried":0,"total":39,"elapsed":44}
[debug] [2026-04-22T10:59:51.379Z] >>> [apiv2][query] POST https://firebasehosting.googleapis.com/v1beta1/projects/221929400881/sites/ftra-australia/versions/e4f2ec68bd1c5d75:populateFiles [none]
[debug] [2026-04-22T10:59:51.379Z] >>> [apiv2][body] POST https://firebasehosting.googleapis.com/v1beta1/projects/221929400881/sites/ftra-australia/versions/e4f2ec68bd1c5d75:populateFiles {"files":{"/robots.txt":"071244e0348c34e15a32e04428503afedf46a63a18a74b523e6638433bf67251","/sitemap.xml":"ed2e780abbcd7efe8a499627ea7023f6f79c3ffdecce3abb5af5f034589edb26","/manifest.json":"18271704e5179c69a8fb735c3a433019761161f7c9feab1710fe242447caad8d","/favicon.svg":"788edd6150d134e492c161322ce727cbe86416ba61b8e132f332bd0772c804a5","/favicon-32.png":"18ba0cdf963b6ca5237810b375ea87d64b01f018e496645af96321c9ea979278","/favicon.ico":"1ff2a96a2cfa8f1dda2c7009d18cd5974096c71970132331cb6766ce77cecc33","/index.html":"0571b23d6b760663e9c4be5111a1fe64fde0020c6f38c95ce2ed0c6a6b11cc16","/assets/index-B4-L2wOy.css":"13dccb78b9aaacce36dabe6d72c08edc3a5022f249f8aae7afa00d3afd169ac6","/images/logos/wbc.avif":"bb48400870a0dca822e6d295dcadeb29e6f6b3b7fca3b04c13ff77faf6f42ae8","/apple-touch-icon.png":"0c011524591eb570967a72ae60e64210fd3eb673dc9616c8c8f321f4d30ec574","/icon-192.png":"00feafe4def98888c7d63441427ef75cfab707aa573d4a3628ab87e076536c6d","/images/logos/ftra-logo.png":"e682cc56ac0ba75590e2b1493016643f933398cf3b06593a5441ab6dd0fdf6ff","/images/divisions/male/super-welterweight.jpg":"669a5e6c3b1c315f7a37808d805c641d549abca3d9c847f85eaae50b1c884fc0","/images/divisions/female/mini-flyweight.jpg":"a3f71b37c739711b396bee91115fa5bfcf10a8d7a883aea74735f0946a928b58","/images/divisions/male/super-lightweight.jpg":"e5fbb0010d249cfcf6de9e3d4a7bf8303ccab57f33fdafbd02098ea729350be7","/images/divisions/female/super-featherweight.jpg":"4a596cf2a048ee28d369be3af541206b6e08dc198ca3074e1a00fa1c9fdf6c56","/images/divisions/male/middleweight.jpg":"d2d756754811222b2044cb809169de3676fddd325af93113cdf0405e0705e407","/images/divisions/male/lightweight.jpg":"2c15f7ae86075fdd968fd97d4886e18f49ae18755690154aa3f691b13daed834","/images/divisions/female/super-bantamweight.jpg":"2c8d137a43323c3d6b94de77befc9d4d7c9c7651ce17c60445b69177630d5674","/icon-512.png":"4d5629eb96ad87af9589edc1acc245126254329510de85df0bf0a2a417197e8a","/images/divisions/male/super-featherweight.jpg":"af84c9a50fbe4d4863c745830f36dae0f4b6cdfaa5372d28d2501738f4be2db3","/images/divisions/female/super-flyweight.jpg":"7860ba87f07b01f64f7b5c35e9d3722370664e03deb170a19c3b6031a46a6540","/images/divisions/female/bantamweight.jpg":"81e648537bb5e52e1d1a29b94333070706376cc92ac4c14445fe052b06c0b22c","/images/divisions/male/super-middleweight.jpg":"42aae8f3a566e9e455e6c14d76f04570236b8f7d4aaf3f055e7455552d662546","/images/divisions/male/super-bantamweight.jpg":"dd6644d3a705ba7a841e8c64c10a55dbb27537445c493f041a84a1c2491e8989","/images/divisions/female/featherweight.jpg":"3e4cca8a9c8b5d29f773b4a91e8b0b3af34463b554cda7472e2d4449b6c2ab9d","/images/divisions/male/featherweight.jpg":"68398b88918107e45e2dbcf3b5f359b772e0aaa6d589b1ceef4b86203f5b29c0","/images/divisions/female/flyweight.jpg":"724359e9002d8de42d05003729b75e150afb55046b7b3ab04b15e32dc9f40497","/images/divisions/male/welterweight.jpg":"47c50cb395231d8ea38bef7a1f09c691f348238dc2a5363be8576f1499594366","/images/divisions/female/lightweight.jpg":"545110f411f5d1bdd09668e7cd9287d80e6cb4860b3a46ec0aaf42c4a704e53f","/images/hero/ring-atmosphere.jpg":"e60ef0ec6d5cd3bc8a60941eb39a3bd9a3b5aac4810826c2411d452438901a80","/images/divisions/female/super-lightweight.jpg":"bf9ea0b7fd4e3e75d39f54bdcd8e6cb6f2cac075c080fa75e3efd9a22b98ad36","/images/divisions/male/cruiserweight.jpg":"062c08408235a28d80dfb060a977431660e2538bac00043547997ce0fae1cc53","/images/divisions/female/light-heavyweight.jpg":"c6b8e47878d655fa45b036e478c0ad11b224b8f9587aa51d4310d554153ea7c7","/images/divisions/female/minimum-weight.jpg":"0eae878e2ef2a15b96da2b6419569cfac12727db493065cb87da18e77d50ee5a","/images/divisions/male/light-heavyweight.jpg":"4473772397b1e444f08a5708c90ef8e42fcdf3cea8cc2fa9017e5f1518d7c617","/images/divisions/female/light-flyweight.jpg":"c961ffd41d270cf689a0b1ee649f73ee00fbd655accbeb557a55de1e4d833076","/assets/index-BMxHefRI.js":"c8575849e2ff8ccc34cf3c4762240340718f583acd4b65120885ef85b31faeb1","/images/divisions/male/heavyweight.jpg":"0f3c6b1e03e4db0ba3e85ad5022997fb21fb0c0adc72fa5ea47b6f28737b52cf"}}
[debug] [2026-04-22T10:59:52.317Z] <<< [apiv2][status] POST https://firebasehosting.googleapis.com/v1beta1/projects/221929400881/sites/ftra-australia/versions/e4f2ec68bd1c5d75:populateFiles 200
[debug] [2026-04-22T10:59:52.317Z] <<< [apiv2][body] POST https://firebasehosting.googleapis.com/v1beta1/projects/221929400881/sites/ftra-australia/versions/e4f2ec68bd1c5d75:populateFiles {"uploadRequiredHashes":["0571b23d6b760663e9c4be5111a1fe64fde0020c6f38c95ce2ed0c6a6b11cc16","c8575849e2ff8ccc34cf3c4762240340718f583acd4b65120885ef85b31faeb1"],"uploadUrl":"https://upload-firebasehosting.googleapis.com/upload/sites/ftra-australia/versions/e4f2ec68bd1c5d75/files"}
[debug] [2026-04-22T10:59:52.317Z] Checked if tokens are valid: true, expires at: 1776857165266
[debug] [2026-04-22T10:59:52.317Z] Checked if tokens are valid: true, expires at: 1776857165266
[debug] [2026-04-22T10:59:52.317Z] Checked if tokens are valid: true, expires at: 1776857165266
[debug] [2026-04-22T10:59:52.317Z] Checked if tokens are valid: true, expires at: 1776857165266
[debug] [2026-04-22T10:59:52.317Z] >>> [apiv2][query] POST https://upload-firebasehosting.googleapis.com/upload/sites/ftra-australia/versions/e4f2ec68bd1c5d75/files/0571b23d6b760663e9c4be5111a1fe64fde0020c6f38c95ce2ed0c6a6b11cc16 [none]
[debug] [2026-04-22T10:59:52.317Z] >>> [apiv2][body] POST https://upload-firebasehosting.googleapis.com/upload/sites/ftra-australia/versions/e4f2ec68bd1c5d75/files/0571b23d6b760663e9c4be5111a1fe64fde0020c6f38c95ce2ed0c6a6b11cc16 [stream]
[debug] [2026-04-22T10:59:52.318Z] >>> [apiv2][query] POST https://upload-firebasehosting.googleapis.com/upload/sites/ftra-australia/versions/e4f2ec68bd1c5d75/files/c8575849e2ff8ccc34cf3c4762240340718f583acd4b65120885ef85b31faeb1 [none]
[debug] [2026-04-22T10:59:52.318Z] >>> [apiv2][body] POST https://upload-firebasehosting.googleapis.com/upload/sites/ftra-australia/versions/e4f2ec68bd1c5d75/files/c8575849e2ff8ccc34cf3c4762240340718f583acd4b65120885ef85b31faeb1 [stream]
[debug] [2026-04-22T10:59:52.319Z] [hosting][populate queue][FINAL] {"max":938,"min":938,"avg":938,"active":0,"complete":1,"success":1,"errored":0,"retried":0,"total":1,"elapsed":940}
[debug] [2026-04-22T10:59:52.319Z] [hosting] uploads queued: 2
[info] i  hosting: uploading new files [0/2] (0%) 
[debug] [2026-04-22T10:59:54.160Z] <<< [apiv2][status] POST https://upload-firebasehosting.googleapis.com/upload/sites/ftra-australia/versions/e4f2ec68bd1c5d75/files/0571b23d6b760663e9c4be5111a1fe64fde0020c6f38c95ce2ed0c6a6b11cc16 200
[debug] [2026-04-22T10:59:54.160Z] <<< [apiv2][body] POST https://upload-firebasehosting.googleapis.com/upload/sites/ftra-australia/versions/e4f2ec68bd1c5d75/files/0571b23d6b760663e9c4be5111a1fe64fde0020c6f38c95ce2ed0c6a6b11cc16 [stream]
